nohup: ignoring input
/home/goatoine/Documents/Lanyue/models/GNN/evaluation/evaluators.py:156: RuntimeWarning: invalid value encountered in divide
  cm_percent = cm.astype('float') / cm.sum(axis=1)[:, np.newaxis] * 100
📖 Loading samples from /home/goatoine/Documents/Lanyue/data/data_for_GCN/data_basic_GCN/case2746wop_1029_samples.npz
✅ Loaded 22395 samples
📊 总计: 22395 个样本
🔧 After deduplication: 297 samples (from 4455)
📈 y_cls class distribution: {0: 1, 1: 6, 3: 1, 4: 1, 5: 2, 6: 10, 7: 25, 8: 28, 9: 9, 10: 2, 11: 32, 12: 3, 13: 112, 14: 65}
📊 y_reg statistics:
  Min: 0.000000
  Max: 1.266923
  Mean: 0.410940
  Std: 0.199087
📈 y_reg distribution plot saved to: /home/goatoine/Documents/Lanyue/models/GNN/result/y_reg_distribution.png
🔧 After feature filtering: kept ['A_grid', 'node_load', 'y_cls', 'y_arr_reg']
🔍 Normalizing node_load: shape torch.Size([297, 2746, 2])
🔍 MultiDimNormalizer fit: original shape torch.Size([297, 2746, 2]) -> reshaped torch.Size([815562, 2])
🔍 num_features: 2, original_data_shape: torch.Size([2746, 2])
[INFO] 数据集分割:
  训练集: 178 样本
  验证集: 59 样本
  测试集: 60 样本
Epoch 0 | loss=0.6162 | 0.5890
Epoch 1 | loss=0.5781 | 0.5562
Epoch 2 | loss=0.5463 | 0.5261
Epoch 3 | loss=0.5245 | 0.4983
Epoch 4 | loss=0.4978 | 0.4721
Epoch 5 | loss=0.4674 | 0.4478
Epoch 6 | loss=0.4489 | 0.4257
Epoch 7 | loss=0.4265 | 0.4060
Epoch 8 | loss=0.4111 | 0.3889
Epoch 9 | loss=0.3913 | 0.3732
Epoch 10 | loss=0.3733 | 0.3587
Epoch 11 | loss=0.3612 | 0.3454
Epoch 12 | loss=0.3472 | 0.3329
Epoch 13 | loss=0.3297 | 0.3218
Epoch 14 | loss=0.3217 | 0.3120
Epoch 15 | loss=0.3066 | 0.3034
Epoch 16 | loss=0.2957 | 0.2967
Epoch 17 | loss=0.2898 | 0.2909
Epoch 18 | loss=0.2871 | 0.2860
Epoch 19 | loss=0.2804 | 0.2819
Epoch 20 | loss=0.2767 | 0.2778
Epoch 21 | loss=0.2692 | 0.2742
Epoch 22 | loss=0.2621 | 0.2707
Epoch 23 | loss=0.2597 | 0.2673
Epoch 24 | loss=0.2568 | 0.2636
Epoch 25 | loss=0.2520 | 0.2599
Epoch 26 | loss=0.2467 | 0.2565
Epoch 27 | loss=0.2472 | 0.2530
Epoch 28 | loss=0.2397 | 0.2499
Epoch 29 | loss=0.2373 | 0.2473
Epoch 30 | loss=0.2329 | 0.2452
Epoch 31 | loss=0.2279 | 0.2436
Epoch 32 | loss=0.2267 | 0.2421
Epoch 33 | loss=0.2239 | 0.2409
Epoch 34 | loss=0.2184 | 0.2394
Epoch 35 | loss=0.2173 | 0.2376
Epoch 36 | loss=0.2162 | 0.2356
Epoch 37 | loss=0.2154 | 0.2336
Epoch 38 | loss=0.2104 | 0.2318
Epoch 39 | loss=0.2079 | 0.2301
Epoch 40 | loss=0.2064 | 0.2282
Epoch 41 | loss=0.2017 | 0.2264
Epoch 42 | loss=0.1998 | 0.2243
Epoch 43 | loss=0.1998 | 0.2227
Epoch 44 | loss=0.1971 | 0.2211
Epoch 45 | loss=0.1962 | 0.2194
Epoch 46 | loss=0.1923 | 0.2177
Epoch 47 | loss=0.1957 | 0.2161
Epoch 48 | loss=0.1892 | 0.2147
Epoch 49 | loss=0.1864 | 0.2134
Loss curves saved to: /home/goatoine/Documents/Lanyue/models/GNN/result/basic/loss_curves.png

📊 Loss Statistics:
Final Training Loss: 0.186376
Final Validation Loss: 0.213391
Best Validation Loss: 0.213391 (Epoch 50)
Loss data saved to: /home/goatoine/Documents/Lanyue/models/GNN/result/basic/loss_data.csv
[TEST] {'array': {'MAE': 0.1902555376291275, 'RMSE': 0.35564807057380676}, 'classify': {'acc': 0.43333333333333335, 'cross_entropy': 2.590867280960083, 'accuracy': 0.43333333333333335, 'precision_macro': 0.028888888888888405, 'recall_macro': 0.06666666666666411, 'f1_macro': 0.040310077519350784, 'precision_per_class': [0.0, 0.0, 0.0, 0.0, 0.0, 0.0, 0.0, 0.0, 0.0, 0.0, 0.0, 0.0, 0.0, 0.4333333333333261, 0.0], 'recall_per_class': [0.0, 0.0, 0.0, 0.0, 0.0, 0.0, 0.0, 0.0, 0.0, 0.0, 0.0, 0.0, 0.0, 0.9999999999999616, 0.0], 'f1_per_class': [0.0, 0.0, 0.0, 0.0, 0.0, 0.0, 0.0, 0.0, 0.0, 0.0, 0.0, 0.0, 0.0, 0.6046511627902618, 0.0]}}
