2025-09-30 12:23:59 | INFO | === Log start 2025-09-30 12:23:59 ===
2025-09-30 12:25:36 | INFO | [epoch1] optimizer group0: lr=0.001 wd=0
2025-09-30 12:25:36 | INFO | [epoch1] grad_total=9.293e-01 | top6 {scalar_head.5.weight: 3.11e-01, scalar_head.3.weight: 3.04e-01, scalar_head.0.weight: 1.86e-01, scalar_head.5.bias: 8.80e-02, scalar_head.3.bias: 1.92e-02, scalar_head.2.weight: 1.06e-02}
2025-09-30 12:25:36 | INFO | [epoch1] grad=None count=6 sample=['att_q.weight', 'att_q.bias', 'mlp_24.0.weight', 'mlp_24.0.bias', 'mlp_24.2.weight', 'mlp_24.2.bias']
2025-09-30 12:25:36 | INFO | [epoch1] param_update_top6 {scalar_head.0.weight: |Δ|=1.69e+00, rel=1.79e-01, gnn.1.lin.weight: |Δ|=7.43e-01, rel=1.60e-01, scalar_head.3.weight: |Δ|=5.20e-01, rel=7.94e-02, gnn.1.ln.weight: |Δ|=1.97e-01, rel=2.44e-02, gnn.0.proj.weight: |Δ|=1.68e-01, rel=3.61e-02, gnn.0.lin.weight: |Δ|=1.37e-01, rel=2.98e-02}
2025-09-30 12:25:36 | INFO | [epoch1] no-update count=6 sample=['att_q.weight', 'att_q.bias', 'mlp_24.0.weight', 'mlp_24.0.bias', 'mlp_24.2.weight', 'mlp_24.2.bias']
2025-09-30 12:27:43 | INFO | [epoch2] optimizer group0: lr=0.001 wd=0
2025-09-30 12:27:43 | INFO | [epoch2] grad_total=1.432e+00 | top6 {scalar_head.5.weight: 6.46e-01, scalar_head.3.weight: 3.89e-01, scalar_head.0.weight: 2.06e-01, scalar_head.5.bias: 1.36e-01, scalar_head.3.bias: 2.48e-02, scalar_head.2.weight: 1.56e-02}
2025-09-30 12:27:43 | INFO | [epoch2] grad=None count=6 sample=['att_q.weight', 'att_q.bias', 'mlp_24.0.weight', 'mlp_24.0.bias', 'mlp_24.2.weight', 'mlp_24.2.bias']
2025-09-30 12:27:43 | INFO | [epoch2] param_update_top6 {scalar_head.0.weight: |Δ|=2.01e+00, rel=2.01e-01, gnn.1.lin.weight: |Δ|=8.00e-01, rel=1.66e-01, gnn.1.ln.weight: |Δ|=3.25e-01, rel=3.93e-02, gnn.0.lin.weight: |Δ|=2.82e-01, rel=6.09e-02, gnn.0.proj.weight: |Δ|=2.81e-01, rel=6.08e-02, gnn.0.ln.weight: |Δ|=2.39e-01, rel=2.99e-02}
2025-09-30 12:27:43 | INFO | [epoch2] no-update count=6 sample=['att_q.weight', 'att_q.bias', 'mlp_24.0.weight', 'mlp_24.0.bias', 'mlp_24.2.weight', 'mlp_24.2.bias']
2025-09-30 12:29:49 | INFO | [epoch3] optimizer group0: lr=0.001 wd=0
2025-09-30 12:29:49 | INFO | [epoch3] grad_total=1.410e+01 | top6 {scalar_head.5.weight: 7.31e+00, scalar_head.3.weight: 3.53e+00, scalar_head.0.weight: 1.61e+00, scalar_head.5.bias: 1.19e+00, scalar_head.3.bias: 2.26e-01, scalar_head.2.weight: 1.18e-01}
2025-09-30 12:29:49 | INFO | [epoch3] grad=None count=6 sample=['att_q.weight', 'att_q.bias', 'mlp_24.0.weight', 'mlp_24.0.bias', 'mlp_24.2.weight', 'mlp_24.2.bias']
2025-09-30 12:29:49 | INFO | [epoch3] param_update_top6 {scalar_head.0.weight: |Δ|=2.94e+00, rel=2.65e-01, gnn.1.lin.weight: |Δ|=1.03e+00, rel=2.00e-01, gnn.1.ln.weight: |Δ|=5.15e-01, rel=5.97e-02, scalar_head.3.weight: |Δ|=4.72e-01, rel=7.19e-02, gnn.0.proj.weight: |Δ|=3.97e-01, rel=8.70e-02, gnn.0.lin.weight: |Δ|=3.89e-01, rel=8.38e-02}
2025-09-30 12:29:49 | INFO | [epoch3] no-update count=6 sample=['att_q.weight', 'att_q.bias', 'mlp_24.0.weight', 'mlp_24.0.bias', 'mlp_24.2.weight', 'mlp_24.2.bias']
2025-09-30 12:31:55 | INFO | [epoch4] optimizer group0: lr=0.001 wd=0
2025-09-30 12:31:55 | INFO | [epoch4] grad_total=1.880e+00 | top6 {scalar_head.5.weight: 9.76e-01, scalar_head.3.weight: 4.56e-01, scalar_head.0.weight: 2.12e-01, scalar_head.5.bias: 1.72e-01, scalar_head.3.bias: 2.93e-02, scalar_head.2.weight: 1.65e-02}
2025-09-30 12:31:55 | INFO | [epoch4] grad=None count=6 sample=['att_q.weight', 'att_q.bias', 'mlp_24.0.weight', 'mlp_24.0.bias', 'mlp_24.2.weight', 'mlp_24.2.bias']
2025-09-30 12:31:55 | INFO | [epoch4] param_update_top6 {scalar_head.0.weight: |Δ|=4.07e+00, rel=3.05e-01, gnn.1.lin.weight: |Δ|=1.21e+00, rel=2.17e-01, gnn.1.ln.weight: |Δ|=7.49e-01, rel=8.14e-02, gnn.0.proj.weight: |Δ|=4.32e-01, rel=9.60e-02, gnn.0.lin.weight: |Δ|=3.95e-01, rel=8.44e-02, gnn.0.ln.weight: |Δ|=3.85e-01, rel=4.88e-02}
2025-09-30 12:31:55 | INFO | [epoch4] no-update count=6 sample=['att_q.weight', 'att_q.bias', 'mlp_24.0.weight', 'mlp_24.0.bias', 'mlp_24.2.weight', 'mlp_24.2.bias']
2025-09-30 12:34:01 | INFO | [epoch5] optimizer group0: lr=0.001 wd=0
2025-09-30 12:34:01 | INFO | [epoch5] grad_total=4.628e+00 | top6 {scalar_head.5.weight: 2.50e+00, scalar_head.3.weight: 1.07e+00, scalar_head.0.weight: 4.72e-01, scalar_head.5.bias: 4.33e-01, scalar_head.3.bias: 6.89e-02, scalar_head.2.weight: 4.21e-02}
2025-09-30 12:34:01 | INFO | [epoch5] grad=None count=6 sample=['att_q.weight', 'att_q.bias', 'mlp_24.0.weight', 'mlp_24.0.bias', 'mlp_24.2.weight', 'mlp_24.2.bias']
2025-09-30 12:34:01 | INFO | [epoch5] param_update_top6 {scalar_head.0.weight: |Δ|=4.28e+00, rel=2.61e-01, gnn.1.lin.weight: |Δ|=1.12e+00, rel=1.88e-01, gnn.1.ln.weight: |Δ|=7.51e-01, rel=7.65e-02, gnn.0.proj.weight: |Δ|=3.31e-01, rel=7.47e-02, gnn.0.ln.weight: |Δ|=3.25e-01, rel=4.14e-02, gnn.0.lin.weight: |Δ|=2.75e-01, rel=5.83e-02}
2025-09-30 12:34:01 | INFO | [epoch5] no-update count=6 sample=['att_q.weight', 'att_q.bias', 'mlp_24.0.weight', 'mlp_24.0.bias', 'mlp_24.2.weight', 'mlp_24.2.bias']
2025-09-30 12:36:07 | INFO | [epoch6] optimizer group0: lr=0.001 wd=0
2025-09-30 12:36:07 | INFO | [epoch6] grad_total=7.815e-01 | top6 {scalar_head.5.weight: 4.27e-01, scalar_head.3.weight: 1.74e-01, scalar_head.0.weight: 7.85e-02, scalar_head.5.bias: 7.61e-02, scalar_head.3.bias: 1.13e-02, scalar_head.2.weight: 7.15e-03}
2025-09-30 12:36:07 | INFO | [epoch6] grad=None count=6 sample=['att_q.weight', 'att_q.bias', 'mlp_24.0.weight', 'mlp_24.0.bias', 'mlp_24.2.weight', 'mlp_24.2.bias']
2025-09-30 12:36:07 | INFO | [epoch6] param_update_top6 {scalar_head.0.weight: |Δ|=4.30e+00, rel=2.18e-01, gnn.1.lin.weight: |Δ|=1.04e+00, rel=1.63e-01, gnn.1.ln.weight: |Δ|=7.41e-01, rel=7.09e-02, scalar_head.3.weight: |Δ|=3.53e-01, rel=5.37e-02, gnn.0.proj.weight: |Δ|=2.82e-01, rel=6.44e-02, gnn.0.ln.weight: |Δ|=2.62e-01, rel=3.35e-02}
2025-09-30 12:36:07 | INFO | [epoch6] no-update count=6 sample=['att_q.weight', 'att_q.bias', 'mlp_24.0.weight', 'mlp_24.0.bias', 'mlp_24.2.weight', 'mlp_24.2.bias']
